MPASM  5.15                       DMXFUNC.ASM   12-13-2007  20:09:02         PAGE  1


LOC  OBJECT CODE     LINE SOURCE TEXT
  VALUE

                      00001         include "p18F2550.inc"
                      00001         LIST
                      00002 
                      00003 ;==========================================================================
                      00004 ;  MPASM PIC18F2550 processor include
                      00005 ; 
                      00006 ;  (c) Copyright 1999-2007 Microchip Technology, All rights reserved
                      00007 ;==========================================================================
                      00008 
                      01486         LIST
                      00002 
                      00003         udata
000000                00004 coun    res 1
  0000                00005         extern  dmx_byte
  0000                00006         extern  ProcessUSBData
                      00007         code
                      00008 
  0000                00009         global send_init_trame
  0000                00010         global send_byte
                      00011 
                      00012 
000000                00013 send_init_trame
000000 9082           00014                 bcf             PORTC,0 ; Debut BREAK Bit 1
000002 EC?? F???      00015                 call    Delay
000006 EC?? F???      00016                 call    DelaySup
00000A 9082           00017                 bcf             PORTC,0 ; BREAK Bit 2
00000C EC?? F???      00018                 call    Delay   
000010 EC?? F???      00019                 call    DelaySup
000014 9082           00020                 bcf             PORTC,0 ; BREAK Bit 3
000016 EC?? F???      00021                 call    Delay
00001A EC?? F???      00022                 call    DelaySup
00001E 9082           00023                 bcf             PORTC,0 ; BREAK Bit 4
000020 EC?? F???      00024                 call    Delay
000024 EC?? F???      00025                 call    DelaySup
000028 9082           00026                 bcf             PORTC,0 ; BREAK Bit 5
00002A EC?? F???      00027                 call    Delay
00002E EC?? F???      00028                 call    DelaySup
000032 9082           00029                 bcf             PORTC,0 ; BREAK Bit 6
000034 EC?? F???      00030                 call    Delay
000038 EC?? F???      00031                 call    DelaySup
00003C 9082           00032                 bcf             PORTC,0 ; BREAK Bit 7
00003E EC?? F???      00033                 call    Delay
000042 EC?? F???      00034                 call    DelaySup
000046 9082           00035                 bcf             PORTC,0 ; BREAK Bit 8
000048 EC?? F???      00036                 call    Delay
00004C EC?? F???      00037                 call    DelaySup
000050 9082           00038                 bcf             PORTC,0 ; BREAK Bit 9
000052 EC?? F???      00039                 call    Delay
000056 EC?? F???      00040                 call    DelaySup
00005A 9082           00041                 bcf             PORTC,0 ; BREAK Bit 10
00005C EC?? F???      00042                 call    Delay
000060 EC?? F???      00043                 call    DelaySup
000064 9082           00044                 bcf             PORTC,0 ; BREAK Bit 11
MPASM  5.15                       DMXFUNC.ASM   12-13-2007  20:09:02         PAGE  2


LOC  OBJECT CODE     LINE SOURCE TEXT
  VALUE

000066 EC?? F???      00045                 call    Delay
00006A EC?? F???      00046                 call    DelaySup
00006E 9082           00047                 bcf             PORTC,0 ; BREAK Bit 12
000070 EC?? F???      00048                 call    Delay
000074 EC?? F???      00049                 call    DelaySup        
000078 9082           00050                 bcf             PORTC,0 ; BREAK Bit 13
00007A EC?? F???      00051                 call    Delay
00007E EC?? F???      00052                 call    DelaySup
000082 9082           00053                 bcf             PORTC,0 ; BREAK Bit 14
000084 EC?? F???      00054                 call    Delay
000088 EC?? F???      00055                 call    DelaySup
00008C 9082           00056                 bcf             PORTC,0 ; BREAK Bit 15
00008E EC?? F???      00057                 call    Delay
000092 EC?? F???      00058                 call    DelaySup
000096 9082           00059                 bcf             PORTC,0 ; BREAK Bit 16
000098 EC?? F???      00060                 call    Delay
00009C EC?? F???      00061                 call    DelaySup
0000A0 9082           00062                 bcf             PORTC,0 ; BREAK Bit 17
0000A2 EC?? F???      00063                 call    Delay
0000A6 EC?? F???      00064                 call    DelaySup
0000AA 9082           00065                 bcf             PORTC,0 ; BREAK Bit 18
0000AC EC?? F???      00066                 call    Delay
0000B0 EC?? F???      00067                 call    DelaySup
0000B4 9082           00068                 bcf             PORTC,0 ; BREAK Bit 19
0000B6 EC?? F???      00069                 call    Delay
0000BA EC?? F???      00070                 call    DelaySup
0000BE 9082           00071                 bcf             PORTC,0 ; BREAK Bit 20
0000C0 EC?? F???      00072                 call    Delay
0000C4 EC?? F???      00073                 call    DelaySup
0000C8 9082           00074                 bcf             PORTC,0 ; BREAK Bit 21
0000CA EC?? F???      00075                 call    Delay
0000CE EC?? F???      00076                 call    DelaySup
0000D2 9082           00077                 bcf             PORTC,0 ; BREAK Bit 22
0000D4 EC?? F???      00078                 call    Delay
0000D8 EC?? F???      00079                 call    DelaySup
0000DC 8082           00080                 bsf             PORTC,0 ; MAB Bit 1
0000DE EC?? F???      00081                 call    Delay
0000E2 EC?? F???      00082                 call    DelaySup
0000E6 8082           00083                 bsf             PORTC,0 ; MAB Bit 2
0000E8 EC?? F???      00084                 call    Delay
                      00085 
0000EC 0012           00086                 return
                      00087 
                      00088 
0000EE                00089 send_byte
0000EE 9082           00090                         bcf             PORTC,0 ;       Start BIT
0000F0 0000           00091                         nop
0000F2 0000           00092                         nop
                      00093 
0000F4 EC?? F???      00094 Bit0:           call    Delay           ;       BIT 0
0000F8 B0??           00095                         btfsc   dmx_byte,0
0000FA D???           00096                         bra             SetBit0
0000FC D???           00097                         bra             ClearBit0
MPASM  5.15                       DMXFUNC.ASM   12-13-2007  20:09:02         PAGE  3


LOC  OBJECT CODE     LINE SOURCE TEXT
  VALUE

                      00098 
0000FE 0000           00099 SetBit0:        nop
000100 8082           00100                         bsf             PORTC,0
000102 D???           00101                         bra             Bit1
                      00102 
000104 9082           00103 ClearBit0:      bcf             PORTC,0
000106 D???           00104                         bra             Bit1
                      00105 
000108 EC?? F???      00106 Bit1:           call    Delay           ;       BIT 1
00010C B2??           00107                         btfsc   dmx_byte,1
00010E D???           00108                         bra             SetBit1
000110 D???           00109                         bra             ClearBit1
                      00110 
000112 0000           00111 SetBit1:        nop
000114 8082           00112                         bsf             PORTC,0
000116 D???           00113                         bra             Bit2
                      00114 
000118 9082           00115 ClearBit1:      bcf             PORTC,0
00011A D???           00116                         bra             Bit2
                      00117 
                      00118 
00011C                00119 Bit2:   ;;      call changeLed ;;
00011C EC?? F???      00120                         call    Delay           ;       BIT 2
000120 B4??           00121                         btfsc   dmx_byte,2
000122 D???           00122                         bra             SetBit2
000124 D???           00123                         bra             ClearBit2
                      00124 
000126 0000           00125 SetBit2:        nop
000128 8082           00126                         bsf             PORTC,0
00012A D???           00127                         bra             Bit3
                      00128 
00012C 9082           00129 ClearBit2:      bcf             PORTC,0
00012E D???           00130                         bra             Bit3
                      00131 
000130                00132 Bit3:   ;;      call changeLed ;;
000130 EC?? F???      00133                         call    Delay           ;       BIT 3
000134 B6??           00134                         btfsc   dmx_byte,3
000136 D???           00135                         bra             SetBit3
000138 D???           00136                         bra             ClearBit3
                      00137 
00013A 0000           00138 SetBit3:        nop
00013C 8082           00139                         bsf             PORTC,0
00013E D???           00140                         bra             Bit4
                      00141 
000140 9082           00142 ClearBit3:      bcf             PORTC,0
000142 D???           00143                         bra             Bit4
                      00144 
000144 EC00 F000      00145 Bit4:           call    Delay,0         ;       BIT 4
000148 B8??           00146                         btfsc   dmx_byte,4
00014A D???           00147                         bra             SetBit4
00014C D???           00148                         bra             ClearBit4
                      00149 
00014E 0000           00150 SetBit4:        nop
MPASM  5.15                       DMXFUNC.ASM   12-13-2007  20:09:02         PAGE  4


LOC  OBJECT CODE     LINE SOURCE TEXT
  VALUE

000150 8082           00151                         bsf             PORTC,0
000152 D???           00152                         bra             Bit5
                      00153 
000154 9082           00154 ClearBit4:      bcf             PORTC,0
000156 D???           00155                         bra             Bit5
                      00156 
000158 EC00 F000      00157 Bit5:           call    Delay,0         ;       BIT 5
00015C BA??           00158                         btfsc   dmx_byte,5
00015E D???           00159                         bra             SetBit5
000160 D???           00160                         bra             ClearBit5
                      00161 
000162 0000           00162 SetBit5:        nop
000164 8082           00163                         bsf             PORTC,0
000166 D???           00164                         bra             Bit6
                      00165 
000168 9082           00166 ClearBit5:      bcf             PORTC,0
00016A D???           00167                         bra             Bit6
                      00168 
00016C EC?? F???      00169 Bit6:           call    Delay           ;       BIT 6
000170 BC??           00170                         btfsc   dmx_byte,6
000172 D???           00171                         bra             SetBit6
000174 D???           00172                         bra             ClearBit6
                      00173 
000176 0000           00174 SetBit6:        nop
000178 8082           00175                         bsf             PORTC,0
00017A D???           00176                         bra             Bit7
                      00177 
00017C 9082           00178 ClearBit6:      bcf             PORTC,0
00017E D???           00179                         bra             Bit7
                      00180 
000180 EC?? F???      00181 Bit7:           call    Delay           ;       BIT 7
000184 BE??           00182                         btfsc   dmx_byte,7
000186 D???           00183                         bra             SetBit7
000188 D???           00184                         bra             ClearBit7
                      00185 
00018A 0000           00186 SetBit7:        nop
00018C 8082           00187                         bsf             PORTC,0
00018E D???           00188                         bra             StopBit
                      00189 
000190 9082           00190 ClearBit7:      bcf             PORTC,0
000192 D???           00191                         bra             StopBit
                      00192 
000194 EC?? F???      00193 StopBit:        call    Delay
000198 0000           00194                         nop
00019A 0000           00195                         nop
00019C 0000           00196                         nop
00019E 0000           00197                         nop
0001A0 8082           00198                         bsf             PORTC,0 ;       STOP bit #1
0001A2 EC?? F???      00199                         call    Delay
0001A6 EC?? F???      00200                         call    DelaySup
0001AA 8082           00201                         bsf             PORTC,0 ;       STOP bit #2
0001AC EC?? F???      00202                         call    Delay
0001B0 EC?? F???      00203                         call    DelaySup
MPASM  5.15                       DMXFUNC.ASM   12-13-2007  20:09:02         PAGE  5


LOC  OBJECT CODE     LINE SOURCE TEXT
  VALUE

0001B4 0012           00204                         return
                      00205 
                      00206 
                      00207 
0001B6 0E0C           00208 Delay:          movlw   0x0C    
0001B8 6E??           00209                         movwf   coun
0001BA 2E??           00210 Count:          decfsz  coun,f
0001BC D???           00211                         bra             Count
0001BE 0012           00212                         return
                      00213 
                      00214 
0001C0 0000           00215 DelaySup:       nop
0001C2 0000           00216                         nop
0001C4 0012           00217                         return
                      00218 
                      00219         end
MPASM  5.15                       DMXFUNC.ASM   12-13-2007  20:09:02         PAGE  6


SYMBOL TABLE
  LABEL                             VALUE 

A                                 00000000
ABDEN                             00000000
ABDOVF                            00000007
ACCESS                            00000000
ACKDT                             00000005
ACKEN                             00000004
ACKSTAT                           00000006
ACQT0                             00000003
ACQT1                             00000004
ACQT2                             00000005
ACTVIE                            00000002
ACTVIF                            00000002
ADCON0                            00000FC2
ADCON1                            00000FC1
ADCON2                            00000FC0
ADCS0                             00000000
ADCS1                             00000001
ADCS2                             00000002
ADDEN                             00000003
ADDR0                             00000000
ADDR1                             00000001
ADDR2                             00000002
ADDR3                             00000003
ADDR4                             00000004
ADDR5                             00000005
ADDR6                             00000006
ADEN                              00000003
ADFM                              00000007
ADIE                              00000006
ADIF                              00000006
ADIP                              00000006
ADON                              00000000
ADRES                             00000FC3
ADRESH                            00000FC4
ADRESL                            00000FC3
AN0                               00000000
AN1                               00000001
AN2                               00000002
AN3                               00000003
AN4                               00000005
BANKED                            00000001
BAUDCON                           00000FB8
BCLIE                             00000003
BCLIF                             00000003
BCLIP                             00000003
BF                                00000000
BGST                              00000005
BOR                               00000000
BRG16                             00000003
BRGH                              00000002
BSR                               00000FE0
BTOEE                             00000004
BTOEF                             00000004
MPASM  5.15                       DMXFUNC.ASM   12-13-2007  20:09:02         PAGE  7


SYMBOL TABLE
  LABEL                             VALUE 

BTSEE                             00000007
BTSEF                             00000007
Bit0                              000000F4
Bit1                              00000108
Bit2                              0000011C
Bit3                              00000130
Bit4                              00000144
Bit5                              00000158
Bit6                              0000016C
Bit7                              00000180
C                                 00000000
C1INV                             00000004
C1OUT                             00000006
C2INV                             00000005
C2OUT                             00000007
CCP1                              00000002
CCP1AS                            00000FB6
CCP1CON                           00000FBD
CCP1DEL                           00000FB7
CCP1IE                            00000002
CCP1IF                            00000002
CCP1IP                            00000002
CCP1M0                            00000000
CCP1M1                            00000001
CCP1M2                            00000002
CCP1M3                            00000003
CCP2CON                           00000FBA
CCP2IE                            00000000
CCP2IF                            00000000
CCP2IP                            00000000
CCP2M0                            00000000
CCP2M1                            00000001
CCP2M2                            00000002
CCP2M3                            00000003
CCPR1                             00000FBE
CCPR1H                            00000FBF
CCPR1L                            00000FBE
CCPR2                             00000FBB
CCPR2H                            00000FBC
CCPR2L                            00000FBB
CFGS                              00000006
CHS0                              00000002
CHS1                              00000003
CHS2                              00000004
CHS3                              00000005
CIS                               00000003
CK                                00000006
CKE                               00000006
CKP                               00000004
CM0                               00000000
CM1                               00000001
CM2                               00000002
CMCON                             00000FB4
MPASM  5.15                       DMXFUNC.ASM   12-13-2007  20:09:02         PAGE  8


SYMBOL TABLE
  LABEL                             VALUE 

CMIE                              00000006
CMIF                              00000006
CMIP                              00000006
CRC16EE                           00000002
CRC16EF                           00000002
CRC5EE                            00000001
CRC5EF                            00000001
CREN                              00000004
CSRC                              00000007
CVR0                              00000000
CVR1                              00000001
CVR2                              00000002
CVR3                              00000003
CVRCON                            00000FB5
CVREF                             00000004
CVREN                             00000007
CVROE                             00000006
CVRR                              00000005
CVRSS                             00000004
ClearBit0                         00000104
ClearBit1                         00000118
ClearBit2                         0000012C
ClearBit3                         00000140
ClearBit4                         00000154
ClearBit5                         00000168
ClearBit6                         0000017C
ClearBit7                         00000190
Count                             000001BA
D                                 00000005
DATA_ADDRESS                      00000005
DC                                00000001
DC1B0                             00000004
DC1B1                             00000005
DC2B0                             00000004
DC2B1                             00000005
DDRA                              TRISA
DDRB                              TRISB
DDRC                              TRISC
DDRD                              TRISD
DDRE                              TRISE
DFN8EE                            00000003
DFN8EF                            00000003
DIR                               00000002
DONE                              00000001
D_A                               00000005
Delay                             000001B6
DelaySup                          000001C0
ECCP1AS                           00000FB6
ECCP1DEL                          00000FB7
ECCPAS0                           00000004
ECCPAS1                           00000005
ECCPAS2                           00000006
ECCPASE                           00000007
MPASM  5.15                       DMXFUNC.ASM   12-13-2007  20:09:02         PAGE  9


SYMBOL TABLE
  LABEL                             VALUE 

EEADR                             00000FA9
EECON1                            00000FA6
EECON2                            00000FA7
EEDATA                            00000FA8
EEIE                              00000004
EEIF                              00000004
EEIP                              00000004
EEPGD                             00000007
ENDP0                             00000003
ENDP1                             00000004
ENDP2                             00000005
ENDP3                             00000006
EPCONDIS                          00000003
EPHSHK                            00000004
EPINEN                            00000001
EPOUTEN                           00000002
EPSTALL                           00000000
FAST                              00000001
FERR                              00000002
FLTS                              00000002
FREE                              00000004
FRM0                              00000000
FRM1                              00000001
FRM10                             00000002
FRM2                              00000002
FRM3                              00000003
FRM4                              00000004
FRM5                              00000005
FRM6                              00000006
FRM7                              00000007
FRM8                              00000000
FRM9                              00000001
FSEN                              00000002
FSR0                              00000000
FSR0H                             00000FEA
FSR0L                             00000FE9
FSR1                              00000001
FSR1H                             00000FE2
FSR1L                             00000FE1
FSR2                              00000002
FSR2H                             00000FDA
FSR2L                             00000FD9
GCEN                              00000007
GIE                               00000007
GIEH                              00000007
GIEL                              00000006
GO                                00000001
GO_DONE                           00000001
HLVDCON                           00000FD2
HLVDEN                            00000004
HLVDIE                            00000002
HLVDIF                            00000002
HLVDIN                            00000005
MPASM  5.15                       DMXFUNC.ASM   12-13-2007  20:09:02         PAGE 10


SYMBOL TABLE
  LABEL                             VALUE 

HLVDIP                            00000002
HLVDL0                            00000000
HLVDL1                            00000001
HLVDL2                            00000002
HLVDL3                            00000003
I2C_DAT                           00000005
I2C_READ                          00000002
I2C_START                         00000003
I2C_STOP                          00000004
IDLEIE                            00000004
IDLEIF                            00000004
IDLEN                             00000007
INDF0                             00000FEF
INDF1                             00000FE7
INDF2                             00000FDF
INT0                              00000000
INT0E                             00000004
INT0F                             00000001
INT0IE                            00000004
INT0IF                            00000001
INT1                              00000001
INT1E                             00000003
INT1F                             00000000
INT1IE                            00000003
INT1IF                            00000000
INT1IP                            00000006
INT1P                             00000006
INT2                              00000002
INT2E                             00000004
INT2F                             00000001
INT2IE                            00000004
INT2IF                            00000001
INT2IP                            00000007
INT2P                             00000007
INTCON                            00000FF2
INTCON2                           00000FF1
INTCON3                           00000FF0
INTEDG0                           00000006
INTEDG1                           00000005
INTEDG2                           00000004
INTSRC                            00000007
IOFS                              00000002
IPEN                              00000007
IPR1                              00000F9F
IPR2                              00000FA2
IRCF0                             00000004
IRCF1                             00000005
IRCF2                             00000006
IRVST                             00000005
IVRST                             00000005
LATA                              00000F89
LATA0                             00000000
LATA1                             00000001
MPASM  5.15                       DMXFUNC.ASM   12-13-2007  20:09:02         PAGE 11


SYMBOL TABLE
  LABEL                             VALUE 

LATA2                             00000002
LATA3                             00000003
LATA4                             00000004
LATA5                             00000005
LATA6                             00000006
LATB                              00000F8A
LATB0                             00000000
LATB1                             00000001
LATB2                             00000002
LATB3                             00000003
LATB4                             00000004
LATB5                             00000005
LATB6                             00000006
LATB7                             00000007
LATC                              00000F8B
LATC0                             00000000
LATC1                             00000001
LATC2                             00000002
LATC6                             00000006
LATC7                             00000007
LVDCON                            00000FD2
LVDEN                             00000004
LVDIE                             00000002
LVDIF                             00000002
LVDIN                             00000005
LVDIP                             00000002
LVDL0                             00000000
LVDL1                             00000001
LVDL2                             00000002
LVDL3                             00000003
LVV0                              00000000
LVV1                              00000001
LVV2                              00000002
LVV3                              00000003
N                                 00000004
NOT_A                             00000005
NOT_ADDRESS                       00000005
NOT_BOR                           00000000
NOT_DONE                          00000001
NOT_IPEN                          00000007
NOT_PD                            00000002
NOT_POR                           00000001
NOT_RBPU                          00000007
NOT_RI                            00000004
NOT_T1SYNC                        00000002
NOT_T3SYNC                        00000002
NOT_TO                            00000003
NOT_W                             00000002
NOT_WRITE                         00000002
OERR                              00000001
OSC2                              00000006
OSCCON                            00000FD3
OSCFIE                            00000007
MPASM  5.15                       DMXFUNC.ASM   12-13-2007  20:09:02         PAGE 12


SYMBOL TABLE
  LABEL                             VALUE 

OSCFIF                            00000007
OSCFIP                            00000007
OSCTUNE                           00000F9B
OSTS                              00000003
OV                                00000003
P                                 00000004
P1A                               00000002
PC                                00000FF9
PCFG0                             00000000
PCFG1                             00000001
PCFG2                             00000002
PCFG3                             00000003
PCL                               00000FF9
PCLATH                            00000FFA
PCLATU                            00000FFB
PD                                00000002
PEIE                              00000006
PEN                               00000002
PGC                               00000006
PGD                               00000007
PGM                               00000005
PIDEE                             00000000
PIDEF                             00000000
PIE1                              00000F9D
PIE2                              00000FA0
PIR1                              00000F9E
PIR2                              00000FA1
PKTDIS                            00000004
PLUSW0                            00000FEB
PLUSW1                            00000FE3
PLUSW2                            00000FDB
POR                               00000001
PORTA                             00000F80
PORTB                             00000F81
PORTC                             00000F82
PORTE                             00000F84
POSTDEC0                          00000FED
POSTDEC1                          00000FE5
POSTDEC2                          00000FDD
POSTINC0                          00000FEE
POSTINC1                          00000FE6
POSTINC2                          00000FDE
PPB0                              00000000
PPB1                              00000001
PPBI                              00000001
PPBRST                            00000006
PR2                               00000FCB
PREINC0                           00000FEC
PREINC1                           00000FE4
PREINC2                           00000FDC
PROD                              00000FF3
PRODH                             00000FF4
PRODL                             00000FF3
MPASM  5.15                       DMXFUNC.ASM   12-13-2007  20:09:02         PAGE 13


SYMBOL TABLE
  LABEL                             VALUE 

PRSEN                             00000007
PSA                               00000003
PSSAC0                            00000002
PSSAC1                            00000003
ProcessUSBData                    00000000
R                                 00000002
RA0                               00000000
RA1                               00000001
RA2                               00000002
RA3                               00000003
RA4                               00000004
RA5                               00000005
RA6                               00000006
RB0                               00000000
RB1                               00000001
RB2                               00000002
RB3                               00000003
RB4                               00000004
RB5                               00000005
RB6                               00000006
RB7                               00000007
RBIE                              00000003
RBIF                              00000000
RBIP                              00000000
RBPU                              00000007
RC0                               00000000
RC1                               00000001
RC2                               00000002
RC4                               00000004
RC5                               00000005
RC6                               00000006
RC7                               00000007
RCEN                              00000003
RCIDL                             00000006
RCIE                              00000005
RCIF                              00000005
RCIP                              00000005
RCMT                              00000006
RCON                              00000FD0
RCREG                             00000FAE
RCSTA                             00000FAB
RD                                00000000
RD16                              00000007
RE3                               00000003
READ_WRITE                        00000002
RESUME                            00000002
RI                                00000004
RSEN                              00000001
RX                                00000007
RX9                               00000006
RX9D                              00000000
RXDTP                             00000005
R_W                               00000002
MPASM  5.15                       DMXFUNC.ASM   12-13-2007  20:09:02         PAGE 14


SYMBOL TABLE
  LABEL                             VALUE 

S                                 00000003
SBOREN                            00000006
SCKP                              00000004
SCS0                              00000000
SCS1                              00000001
SE0                               00000005
SEN                               00000000
SENDB                             00000003
SMP                               00000007
SOFIE                             00000006
SOFIF                             00000006
SPBRG                             00000FAF
SPBRGH                            00000FB0
SPEN                              00000007
SREN                              00000005
SSPADD                            00000FC8
SSPBUF                            00000FC9
SSPCON1                           00000FC6
SSPCON2                           00000FC5
SSPEN                             00000005
SSPIE                             00000003
SSPIF                             00000003
SSPIP                             00000003
SSPM0                             00000000
SSPM1                             00000001
SSPM2                             00000002
SSPM3                             00000003
SSPOV                             00000006
SSPSTAT                           00000FC7
STALLIE                           00000005
STALLIF                           00000005
STATUS                            00000FD8
STKFUL                            00000007
STKPTR                            00000FFC
STKPTR0                           00000000
STKPTR1                           00000001
STKPTR2                           00000002
STKPTR3                           00000003
STKPTR4                           00000004
STKUNF                            00000006
SUSPND                            00000001
SWDTE                             00000000
SWDTEN                            00000000
SYNC                              00000004
SetBit0                           000000FE
SetBit1                           00000112
SetBit2                           00000126
SetBit3                           0000013A
SetBit4                           0000014E
SetBit5                           00000162
SetBit6                           00000176
SetBit7                           0000018A
StopBit                           00000194
MPASM  5.15                       DMXFUNC.ASM   12-13-2007  20:09:02         PAGE 15


SYMBOL TABLE
  LABEL                             VALUE 

T08BIT                            00000006
T0CKI                             00000004
T0CON                             00000FD5
T0CS                              00000005
T0IE                              00000005
T0IF                              00000002
T0IP                              00000002
T0PS0                             00000000
T0PS1                             00000001
T0PS2                             00000002
T0SE                              00000004
T13CKI                            00000000
T1CKPS0                           00000004
T1CKPS1                           00000005
T1CON                             00000FCD
T1OSCEN                           00000003
T1OSI                             00000001
T1OSO                             00000000
T1RUN                             00000006
T1SYNC                            00000002
T2CKPS0                           00000000
T2CKPS1                           00000001
T2CON                             00000FCA
T2OUTPS0                          00000003
T2OUTPS1                          00000004
T2OUTPS2                          00000005
T2OUTPS3                          00000006
T3CCP1                            00000003
T3CCP2                            00000006
T3CKPS0                           00000004
T3CKPS1                           00000005
T3CON                             00000FB1
T3NSYNC                           00000002
T3SYNC                            00000002
TABLAT                            00000FF5
TBLPTR                            00000FF6
TBLPTRH                           00000FF7
TBLPTRL                           00000FF6
TBLPTRU                           00000FF8
TMR0H                             00000FD7
TMR0IE                            00000005
TMR0IF                            00000002
TMR0IP                            00000002
TMR0L                             00000FD6
TMR0ON                            00000007
TMR1CS                            00000001
TMR1H                             00000FCF
TMR1IE                            00000000
TMR1IF                            00000000
TMR1IP                            00000000
TMR1L                             00000FCE
TMR1ON                            00000000
TMR2                              00000FCC
MPASM  5.15                       DMXFUNC.ASM   12-13-2007  20:09:02         PAGE 16


SYMBOL TABLE
  LABEL                             VALUE 

TMR2IE                            00000001
TMR2IF                            00000001
TMR2IP                            00000001
TMR2ON                            00000002
TMR3CS                            00000001
TMR3H                             00000FB3
TMR3IE                            00000001
TMR3IF                            00000001
TMR3IP                            00000001
TMR3L                             00000FB2
TMR3ON                            00000000
TO                                00000003
TOS                               00000FFD
TOSH                              00000FFE
TOSL                              00000FFD
TOSU                              00000FFF
TRISA                             00000F92
TRISA0                            00000000
TRISA1                            00000001
TRISA2                            00000002
TRISA3                            00000003
TRISA4                            00000004
TRISA5                            00000005
TRISA6                            00000006
TRISB                             00000F93
TRISB0                            00000000
TRISB1                            00000001
TRISB2                            00000002
TRISB3                            00000003
TRISB4                            00000004
TRISB5                            00000005
TRISB6                            00000006
TRISB7                            00000007
TRISC                             00000F94
TRISC0                            00000000
TRISC1                            00000001
TRISC2                            00000002
TRISC6                            00000006
TRISC7                            00000007
TRMT                              00000001
TRNIE                             00000003
TRNIF                             00000003
TUN0                              00000000
TUN1                              00000001
TUN2                              00000002
TUN3                              00000003
TUN4                              00000004
TX                                00000006
TX9                               00000006
TX9D                              00000000
TXCKP                             00000004
TXEN                              00000005
TXIE                              00000004
MPASM  5.15                       DMXFUNC.ASM   12-13-2007  20:09:02         PAGE 17


SYMBOL TABLE
  LABEL                             VALUE 

TXIF                              00000004
TXIP                              00000004
TXREG                             00000FAD
TXSTA                             00000FAC
UA                                00000001
UADDR                             00000F6E
UCFG                              00000F6F
UCON                              00000F6D
UEIE                              00000F6B
UEIR                              00000F6A
UEP0                              00000F70
UEP1                              00000F71
UEP10                             00000F7A
UEP11                             00000F7B
UEP12                             00000F7C
UEP13                             00000F7D
UEP14                             00000F7E
UEP15                             00000F7F
UEP2                              00000F72
UEP3                              00000F73
UEP4                              00000F74
UEP5                              00000F75
UEP6                              00000F76
UEP7                              00000F77
UEP8                              00000F78
UEP9                              00000F79
UERRIE                            00000001
UERRIF                            00000001
UFRM                              00000F66
UFRMH                             00000F67
UFRML                             00000F66
UIE                               00000F69
UIR                               00000F68
UOEMON                            00000006
UPUEN                             00000004
URSTIE                            00000000
URSTIF                            00000000
USBEN                             00000003
USBIE                             00000005
USBIF                             00000005
USBIP                             00000005
USTAT                             00000F6C
UTEYE                             00000007
UTRDIS                            00000003
VCFG0                             00000004
VCFG1                             00000005
VDIRMAG                           00000007
VREFM                             00000002
VREFP                             00000003
W                                 00000000
WCOL                              00000007
WDTCON                            00000FD1
WR                                00000001
MPASM  5.15                       DMXFUNC.ASM   12-13-2007  20:09:02         PAGE 18


SYMBOL TABLE
  LABEL                             VALUE 

WREG                              00000FE8
WREN                              00000002
WRERR                             00000003
WUE                               00000001
Z                                 00000002
_BORV_0_2L                        000000E7
_BORV_1_2L                        000000EF
_BORV_2_2L                        000000F7
_BORV_3_2L                        000000FF
_BOR_OFF_2L                       000000F9
_BOR_ON_2L                        000000FF
_BOR_ON_ACTIVE_2L                 000000FD
_BOR_SOFT_2L                      000000FB
_CCP2MX_OFF_3H                    000000FE
_CCP2MX_ON_3H                     000000FF
_CONFIG1H                         00300001
_CONFIG1L                         00300000
_CONFIG2H                         00300003
_CONFIG2L                         00300002
_CONFIG3H                         00300005
_CONFIG4L                         00300006
_CONFIG5H                         00300009
_CONFIG5L                         00300008
_CONFIG6H                         0030000B
_CONFIG6L                         0030000A
_CONFIG7H                         0030000D
_CONFIG7L                         0030000C
_CP0_OFF_5L                       000000FF
_CP0_ON_5L                        000000FE
_CP1_OFF_5L                       000000FF
_CP1_ON_5L                        000000FD
_CP2_OFF_5L                       000000FF
_CP2_ON_5L                        000000FB
_CP3_OFF_5L                       000000FF
_CP3_ON_5L                        000000F7
_CPB_OFF_5H                       000000FF
_CPB_ON_5H                        000000BF
_CPD_OFF_5H                       000000FF
_CPD_ON_5H                        0000007F
_CPUDIV_OSC1_PLL2_1L              000000E7
_CPUDIV_OSC2_PLL3_1L              000000EF
_CPUDIV_OSC3_PLL4_1L              000000F7
_CPUDIV_OSC4_PLL6_1L              000000FF
_DEBUG_OFF_4L                     000000FF
_DEBUG_ON_4L                      0000007F
_DEVID1                           003FFFFE
_DEVID2                           003FFFFF
_EBTR0_OFF_7L                     000000FF
_EBTR0_ON_7L                      000000FE
_EBTR1_OFF_7L                     000000FF
_EBTR1_ON_7L                      000000FD
_EBTR2_OFF_7L                     000000FF
_EBTR2_ON_7L                      000000FB
MPASM  5.15                       DMXFUNC.ASM   12-13-2007  20:09:02         PAGE 19


SYMBOL TABLE
  LABEL                             VALUE 

_EBTR3_OFF_7L                     000000FF
_EBTR3_ON_7L                      000000F7
_EBTRB_OFF_7H                     000000FF
_EBTRB_ON_7H                      000000BF
_FCMEN_OFF_1H                     000000BF
_FCMEN_ON_1H                      000000FF
_FOSC_ECIO_EC_1H                  000000F4
_FOSC_ECPLLIO_EC_1H               000000F6
_FOSC_ECPLL_EC_1H                 000000F7
_FOSC_EC_EC_1H                    000000F5
_FOSC_HSPLL_HS_1H                 000000FE
_FOSC_HS_1H                       000000FC
_FOSC_INTOSCIO_EC_1H              000000F8
_FOSC_INTOSC_EC_1H                000000F9
_FOSC_INTOSC_HS_1H                000000FB
_FOSC_INTOSC_XT_1H                000000FA
_FOSC_XTPLL_XT_1H                 000000F2
_FOSC_XT_XT_1H                    000000F0
_IDLOC0                           00200000
_IDLOC1                           00200001
_IDLOC2                           00200002
_IDLOC3                           00200003
_IDLOC4                           00200004
_IDLOC5                           00200005
_IDLOC6                           00200006
_IDLOC7                           00200007
_IESO_OFF_1H                      0000007F
_IESO_ON_1H                       000000FF
_LPT1OSC_OFF_3H                   000000FB
_LPT1OSC_ON_3H                    000000FF
_LVP_OFF_4L                       000000FB
_LVP_ON_4L                        000000FF
_MCLRE_OFF_3H                     0000007F
_MCLRE_ON_3H                      000000FF
_PBADEN_OFF_3H                    000000FD
_PBADEN_ON_3H                     000000FF
_PLLDIV_10_1L                     000000FE
_PLLDIV_12_1L                     000000FF
_PLLDIV_1_1L                      000000F8
_PLLDIV_2_1L                      000000F9
_PLLDIV_3_1L                      000000FA
_PLLDIV_4_1L                      000000FB
_PLLDIV_5_1L                      000000FC
_PLLDIV_6_1L                      000000FD
_PWRT_OFF_2L                      000000FF
_PWRT_ON_2L                       000000FE
_STVREN_OFF_4L                    000000FE
_STVREN_ON_4L                     000000FF
_USBDIV_1_1L                      000000DF
_USBDIV_2_1L                      000000FF
_VREGEN_OFF_2L                    000000DF
_VREGEN_ON_2L                     000000FF
_WDTPS_1024_2H                    000000F5
MPASM  5.15                       DMXFUNC.ASM   12-13-2007  20:09:02         PAGE 20


SYMBOL TABLE
  LABEL                             VALUE 

_WDTPS_128_2H                     000000EF
_WDTPS_16384_2H                   000000FD
_WDTPS_16_2H                      000000E9
_WDTPS_1_2H                       000000E1
_WDTPS_2048_2H                    000000F7
_WDTPS_256_2H                     000000F1
_WDTPS_2_2H                       000000E3
_WDTPS_32768_2H                   000000FF
_WDTPS_32_2H                      000000EB
_WDTPS_4096_2H                    000000F9
_WDTPS_4_2H                       000000E5
_WDTPS_512_2H                     000000F3
_WDTPS_64_2H                      000000ED
_WDTPS_8192_2H                    000000FB
_WDTPS_8_2H                       000000E7
_WDT_OFF_2H                       000000FE
_WDT_ON_2H                        000000FF
_WRT0_OFF_6L                      000000FF
_WRT0_ON_6L                       000000FE
_WRT1_OFF_6L                      000000FF
_WRT1_ON_6L                       000000FD
_WRT2_OFF_6L                      000000FF
_WRT2_ON_6L                       000000FB
_WRT3_OFF_6L                      000000FF
_WRT3_ON_6L                       000000F7
_WRTB_OFF_6H                      000000FF
_WRTB_ON_6H                       000000BF
_WRTC_OFF_6H                      000000FF
_WRTC_ON_6H                       000000DF
_WRTD_OFF_6H                      000000FF
_WRTD_ON_6H                       0000007F
_XINST_OFF_4L                     000000BF
_XINST_ON_4L                      000000FF
__18F2550                         00000001
coun                              00000000
dmx_byte                          00000000
send_byte                         000000EE
send_init_trame                   00000000

Errors   :     0
Warnings :     0 reported,     0 suppressed
Messages :     0 reported,     0 suppressed

